atlantis_game
327936
Wyreth // gameName
131072 // gVersion
1      // year
-1     // month
8350   // random seed
3      // factionsea
15     // unitseq
100    // shipseq
1      // guardfaction
2      // monfaction
2      // nb_faction
1                        // num faction
-1                       //fac type[0] F_WAR
-1                       //fac type[1] F_TRADE
-1                       //fac type[2] F_MAGIC
-6                       //fac lastchange
0                        //fac lastorders
0                        //fac unclaimed
The Guardsmen (1)        //fac name
NoAddress                //fac address
none                     //fac passwd
1                        //fac times
0                        //fac showunitattitude
2                        //fac temformat ??
0                        //fac_skillList nb_skill
0                        //fac_itemList nb_item
2                        //fac default_attitude
0                        //fac nb_attitude
2                        //FACTION
-1
-1
-1
-6
0
0
Creatures (2)            //fac name
NoAddress 
none
1
0
2
0
0
2
0                        //fac nb_attitude  END FACTION
41                       //ARegionList::ReadRegions nb_regions
3                        //arl numLevels
1                        //arl Lvl0 curX
1                        //         curY
nexus                    //         name
0                        //         levelType 
8                        //arl Lvl1 curX
8
none
1
4                        //arl Lvl2 curX
4
abyss
0
5                        //arl nbOfGates
Unnamed                  //ARegion name
0                        //        num
nexus                    //        type
1                        //        buildingseq
0                        //        gate
NO_RACE                  //        race
0                        //        population
0                        //        basepopulation
0                        //        wages
0                        //        maxwages
0                        //        wealth
0                        //        elevation 
0                        //        humidity
0                        //        temperature
0                        //        vegetation
0                        //        culture
100                      //        habitat
0                        //        developpement
0                        //        flag_town
0                        //        xloc
0                        //        yloc
0                        //        zloc
0                        //        visited
0                        //        ProductionList nb 
0                        //        MarketList nb
1                        //        nb buildings
0                        //        Object num
None                     //        Obj type
0                        //        Obj incomplete? 
Dummy                    //        Obj name
none                     //        Obj describe
-1                       //        Obj inner
-1                       //        Obj Prevdir
0                        //        Obj runes
2                        //        Obj nb Unit
City Guard (1)           //            Unit name
none                     //            Unit describe
1                        //            Unit num
2                        //            Unit type
1                        //            Unit faction
1                        //            Unit guard
2                        //            Unit reveal 
0                        //            Unit free        NEW
NO_ITEM                  //            Unit readyItem   NEW
NO_ITEM                  //      
NO_ITEM
NO_ITEM
NO_ITEM
NO_ITEM
NO_ITEM
NO_ITEM
NO_ITEM
10                       //            Unit flags
5                        //            Unit ItemList nb
500 LEAD                 //                 Item num TYPE
500 SWOR
500 XXXX
25000 SILV
500 PARM
3                        //            Unit SkillList nb
COMB 90000               //                 Skill TYPE days
OBSE 825000
TACT 150000
NO_SKILL                 //            Unit combat     
0                        //            Unit savedmovement
-1                       //            Unit savedmovedir
0                        //            Unit nb visited
City Mage (2)            //begin       Unit name
none
2
4
1
0
2
0
NO_ITEM
NO_ITEM
NO_ITEM
NO_ITEM
NO_ITEM
NO_ITEM
NO_ITEM
NO_ITEM
NO_ITEM
11
3
1 LEAD
1 XXXX
50 SILV
3                        //            Unit SkillList nb
FORC 300
FIRE 300
TACT 300
FIRE
0
-1
0                        //endUnit     Unit nb visited ==> peut ReadinFleet
Wyreth Ocean             //ARegion name
1                        //        num
ocean                    //        type
1                        //        buildingseq
0                        //        gate
NO_RACE
0
0
0
0
0
0
0
0
0
0
1                        //        habitat
0
0
0                        //        xloc
0                        //        yloc
1                        //        zloc
0
1                        //        ProductionList nb
FISH                     //            Prod type
39                       //            Prod amount
39                       //            Prod basemount
10                       //            Prod productivity
0                        //        MarketList nb
1                        //        nb buildings
0                        //        Object num                  
None
0
Dummy
none
-1
-1
0 
0                        //        Obj nb Unit
Muskel                   //ARegion name
2                        //        num
tundra                   //        type
1                        //        buildingseq
1                        //        gate
10                       //        gatemonth
SELF                     //        race
536                      //        population
279                      //        basepopulation
150                      //        wages
126                      //        maxwages  
278                      //        wealth
0
0
0
0
0
838                      //        habitat
116                      //        developpement
1                        //        flag_town
Eurauberg                //           Town name
25242                    //           Town pop
25000                    //           Town hab
2                        //        xloc
0                        //        yloc
1                        //        zloc
0
5                        //        ProductionList nb
LIVE                     //            Prod name
13
13
10
FUR                      //            Prod name
11
11
10
HERB                     //            Prod name
17
17
10
SILV                     //            Prod name
328
328
NO_SKILL
126
SILV                     //            Prod name
8
8
ENTE
200
26                       //        MarketList nb
0                        //1            Market type
IRON                     //            Market item
75                       //            Market price
-1                       //            Market amount
5000                     //            Market minpop
5000                     //            Market maxpop
-1                       //            Market minamt
-1                       //            Market maxmat
75                       //            Market baseprice
0                        //2            Market type
WOOD
75
-1
5000
5000
-1
-1
75
0                        //3            Market type
STON
75
-1
5000
5000
-1
-1
75
0                        //4            Market type
FUR
75
-1
5000
5000
-1
-1
75
0                        //5            Market type
HERB
75
-1
5000
5000
-1
-1
75
0                        //6            Market type
HORS
75
-1
5000
5000
-1
-1
75
0                        //7            Market type
SWOR
150
-1
5000
5000
-1
-1
150
0                        //8            Market type
XBOW
150
-1
5000
5000
-1
-1
150
0                        //9            Market type
LBOW
150
-1
5000
5000
-1
-1
150
0                        //10            Market type
CARM
150
-1
5000
5000
-1
-1
150
0                        //11            Market type
PARM
625
-1
5000
5000
-1
-1
625
0                        //12            Market type
WAGO
250
-1
5000
5000
-1
-1
250
0                        //13            Market type
PICK
150
-1
5000
5000
-1
-1
150
0                        //14            Market type
SPEA
150
-1
5000
5000
-1
-1
150
0                        //15            Market type
AXE
150
-1
5000
5000
-1
-1
150
0                        //16            Market type
HAMM
150
-1
5000
5000
-1
-1
150
0                        //17            Market type
NET
150
-1
5000
5000
-1
-1
150
0                        //18            Market type
LASS
150
-1
5000
5000
-1
-1
150
0                        //19            Market type
BAG
150
-1
5000
5000
-1
-1
150
0                        //20            Market type
SPIN
150
-1
5000
5000
-1
-1
150
0                        //21            Market type
LARM
112
-1
5000
5000
-1
-1
112
0                        //22            Market type
CLAR
100
-1
5000
5000
-1
-1
100
0                        //23            Market type
BAXE
225
-1
5000
5000
-1
-1
225
0                        //24            Market type
JAVE
150
-1
5000
5000
-1
-1
150
0                        //25            Market type
SELF
60
-1
5000
5000
-1
-1
60
0                        //26           Market type
LEAD
120
-1
5000
5000
-1
-1
120                      //end            Market baseprice
1                        //        nb Obj
0
None
0
Dummy
none
-1
-1
0
2                        //        Obj nb Unit
City Guard (3)           //            Unit name
none
3
2
1
1
2
0
NO_ITEM
NO_ITEM
NO_ITEM
NO_ITEM
NO_ITEM
NO_ITEM
NO_ITEM
NO_ITEM
NO_ITEM
10
4
500 LEAD
500 SWOR
25000 SILV
500 PARM
3
COMB 90000
OBSE 825000
TACT 150000
NO_SKILL
0
-1
0
City Mage (4)            //begin       Unit name
none
4
4
1
0
2
0
NO_ITEM
NO_ITEM
NO_ITEM
NO_ITEM
NO_ITEM
NO_ITEM
NO_ITEM
NO_ITEM
NO_ITEM
11
2
1 LEAD
50 SILV
3
FORC 300
FIRE 300
TACT 300
FIRE
0
-1
0                         //endUnit     Unit nb visited ==> peut ReadinFleet
Durthrot                  //ARegion name
3                         //        num
plain                     //        type
1                         //        buildingseq
2                         //        gate
6                         //        gatemonth
VIKI                      //        race
1763
933
164
143
1516
0
0
0
0
0
2799
138
1                         //        flag_town
W'tiaenth
25194
25000
4                         //        xloc
0                         //        yloc
1                         //        zloc
0
4                         //        ProductionList nb
LIVE
59
59
10
HORS
31
31
10
SILV
1081
1081
NO_SKILL
143
SILV
61
61
ENTE
200
26                       //        MarketList nb
0
IRON
75
-1
5000
5000
-1
-1
75
0
WOOD
75
-1
5000
5000
-1
-1
75
0
STON
75
-1
5000
5000
-1
-1
75
0
FUR
75
-1
5000
5000
-1
-1
75
0
HERB
75
-1
5000
5000
-1
-1
75
0
HORS
75
-1
5000
5000
-1
-1
75
0
SWOR
150
-1
5000
5000
-1
-1
150
0
XBOW
150
-1
5000
5000
-1
-1
150
0
LBOW
150
-1
5000
5000
-1
-1
150
0
CARM
150
-1
5000
5000
-1
-1
150
0
PARM
625
-1
5000
5000
-1
-1
625
0
WAGO
250
-1
5000
5000
-1
-1
250
0
PICK
150
-1
5000
5000
-1
-1
150
0
SPEA
150
-1
5000
5000
-1
-1
150
0
AXE
150
-1
5000
5000
-1
-1
150
0
HAMM
150
-1
5000
5000
-1
-1
150
0
NET
150
-1
5000
5000
-1
-1
150
0
LASS
150
-1
5000
5000
-1
-1
150
0
BAG
150
-1
5000
5000
-1
-1
150
0
SPIN
150
-1
5000
5000
-1
-1
150
0
LARM
112
-1
5000
5000
-1
-1
112
0
CLAR
100
-1
5000
5000
-1
-1
100
0
BAXE
225
-1
5000
5000
-1
-1
225
0
JAVE
150
-1
5000
5000
-1
-1
150
0
VIKI
65
-1
5000
5000
-1
-1
65
0
LEAD
131
-1
5000
5000
-1
-1
131                      //end            Market baseprice
1                        //        nb Obj
0
None
0
Dummy
none
-1
-1
0
2                        //        Obj nb Unit
City Guard (5)           //            Unit name
none
5
2
1
1
2
0
NO_ITEM
NO_ITEM
NO_ITEM
NO_ITEM
NO_ITEM
NO_ITEM
NO_ITEM
NO_ITEM
NO_ITEM
10
4
500 LEAD
500 SWOR
25000 SILV
500 PARM
3
COMB 90000
OBSE 825000
TACT 150000
NO_SKILL
0
-1
0
City Mage (6)             //            Unit name
none
6
4
1
0
2
0
NO_ITEM
NO_ITEM
NO_ITEM
NO_ITEM
NO_ITEM
NO_ITEM
NO_ITEM
NO_ITEM
NO_ITEM
11
2
1 LEAD
50 SILV
3
FORC 300
FIRE 300
TACT 300
FIRE
0
-1
0
Wyreth Ocean             //ARegion name
4                        //        num
ocean                    //        type
1
0                        //        gate
NO_RACE
0
0
0
0
0
0
0
0
0
0
1
0
0
6
0
1
0
1                        //        ProductionList nb
FISH                     //            Prod name
26
26
10                      
0                        //        MarketList nb
1                        //        nb buildings
0
None
0
Dummy
none
-1
-1
0
0                        //        Obj nb Unit
Wyreth Ocean             //ARegion name
5
ocean
1
0
NO_RACE
0
0
0
0
0
0
0
0
0
0
1
0
0
1
1
1
0
1
FISH
32
32
10
0
1
0
None
0
Dummy
none
-1
-1
0
0
Wyreth Ocean             //ARegion name
6
ocean
1
0
NO_RACE
0
0
0
0
0
0
0
0
0
0
1
0
0
3
1
1
0
1
FISH
22
22
10
0
1
0
None
0
Dummy
none
-1
-1
0
0
Wyreth Ocean             //ARegion name
7
ocean
1
0
NO_RACE
0
0
0
0
0
0
0
0
0
0
1
0
0
5
1
1
0
1
FISH
29
29
10
0
1
0
None
0
Dummy
none
-1
-1
0
0
Wyreth Ocean             //ARegion name
8
ocean
1
0
NO_RACE
0
0
0
0
0
0
0
0
0
0
1
0
0
7
1
1
0
1
FISH
20
20
10
0
1
0
None
0
Dummy
none
-1
-1
0
0
Wyreth Ocean             //ARegion name
9
ocean
1
0
NO_RACE
0
0
0
0
0
0
0
0
0
0
1
0
0
0
2
1
0
1
FISH
21
21
10
0
1
0
None
0
Dummy
none
-1
-1
0
0
Wyreth Ocean             //ARegion name
10
ocean
1
0
NO_RACE
0
0
0
0
0
0
0
0
0
0
1
0
0
2
2
1
0
1
FISH
31
31
10
0
1
0
None
0
Dummy
none
-1
-1
0
0
Wyreth Ocean             //ARegion name
11
ocean
2
0
NO_RACE
0
0
0
0
0
0
0
0
0
0
1
0
0
4
2
1                        //        zloc
0                        //        visited
1                        //        ProductionList nb
FISH                     //            Prod name
35
35
10
0                        //        MarketList nb
2                        //        nb Obj
0                        //        Object num
None
0
Dummy
none
-1
-1
0
0                        //        Obj nb Unit
1                        //        Object num
Whirlpool                //        Obj type
0
Whirlpool [1]            //        Obj name
none
-1
-1
0
1                        //        Obj nb Unit
Living Water (13)        //            Unit name
none
13
3                        //            Unit type
2                        //            Unit faction
2
0
0
NO_ITEM
NO_ITEM
NO_ITEM
NO_ITEM
NO_ITEM
NO_ITEM
NO_ITEM
NO_ITEM
NO_ITEM
10                      //            Unit flags
1                       //            Unit ItemList nb
6 ELEM                  //                 Item num TYPE
0                       //            Unit SkillList nb
NO_SKILL                //            Unit combat
0
-1
0
Wyreth Ocean            //ARegion name
12
ocean
1
0
NO_RACE
0
0
0
0
0
0
0
0
0
0
1
0
0
6
2
1
0
1
FISH
23
23
10
0
1
0
None
0
Dummy
none
-1
-1
0
0
Wyreth Ocean              //ARegion name
13
ocean
1
0
NO_RACE
0
0
0
0
0
0
0
0
0
0
1
0
0
1
3
1
0
1
FISH
20
20
10
0
1
0
None
0
Dummy
none
-1
-1
0
0
Wyreth Ocean              //ARegion name
14
ocean
1
0
NO_RACE
0
0
0
0
0
0
0
0
0
0
1
0
0
3
3
1
0
1
FISH
38
38
10
0
1
0
None
0
Dummy
none
-1
-1
0
0
Bogmadie                 //ARegion name
15                       //        num
desert
1
0
VIKI
536
275
110
110
107
0
0
0
0
0
825
67
0
5
3
1
0
6
LIVE
19
19
10
IRON
15
15
10
STON
10
10
10
ROOT
7
7
10
SILV
126
126
NO_SKILL
110
SILV
3
3
ENTE
200
2
0
VIKI
44
21
0
10000
0
2000
44
0
LEAD
88
4
0
10000
0
400
88
1
0
None
0
Dummy
none
-1
-1
0
0
Wyreth Ocean
16
ocean
1
0
NO_RACE
0
0
0
0
0
0
0
0
0
0
1
0
0
7
3
1
0
1
FISH
34
34
10
0
1
0
None
0
Dummy
none
-1
-1
0
0
Zodslag
17
jungle
1
3
9
WELF
649
318
142
111
142
0
0
0
0
0
955
104
1
Deeneuburg
25017
25000
0
4
1
0
5
LIVE
37
37
10
WOOD
16
16
10
HERB
35
35
10
SILV
152
152
NO_SKILL
111
SILV
4
4
ENTE
200
26
0
IRON
75
-1
5000
5000
-1
-1
75
0
WOOD
75
-1
5000
5000
-1
-1
75
0
STON
75
-1
5000
5000
-1
-1
75
0
FUR
75
-1
5000
5000
-1
-1
75
0
HERB
75
-1
5000
5000
-1
-1
75
0
HORS
75
-1
5000
5000
-1
-1
75
0
SWOR
150
-1
5000
5000
-1
-1
150
0
XBOW
150
-1
5000
5000
-1
-1
150
0
LBOW
150
-1
5000
5000
-1
-1
150
0
CARM
150
-1
5000
5000
-1
-1
150
0
PARM
625
-1
5000
5000
-1
-1
625
0
WAGO
250
-1
5000
5000
-1
-1
250
0
PICK
150
-1
5000
5000
-1
-1
150
0
SPEA
150
-1
5000
5000
-1
-1
150
0
AXE
150
-1
5000
5000
-1
-1
150
0
HAMM
150
-1
5000
5000
-1
-1
150
0
NET
150
-1
5000
5000
-1
-1
150
0
LASS
150
-1
5000
5000
-1
-1
150
0
BAG
150
-1
5000
5000
-1
-1
150
0
SPIN
150
-1
5000
5000
-1
-1
150
0
LARM
112
-1
5000
5000
-1
-1
112
0
CLAR
100
-1
5000
5000
-1
-1
100
0
BAXE
225
-1
5000
5000
-1
-1
225
0
JAVE
150
-1
5000
5000
-1
-1
150
0
WELF
56
-1
5000
5000
-1
-1
56
0
LEAD
113
-1
5000
5000
-1
-1
113
1
0
None
0
Dummy
none
-1
-1
0
2
City Guard (7)
none
7
2
1
1
2
0
NO_ITEM
NO_ITEM
NO_ITEM
NO_ITEM
NO_ITEM
NO_ITEM
NO_ITEM
NO_ITEM
NO_ITEM
10
4
500 LEAD
500 SWOR
25000 SILV
500 PARM
3
COMB 90000
OBSE 825000
TACT 150000
NO_SKILL
0
-1
0
City Mage (8)
none
8
4
1
0
2
0
NO_ITEM
NO_ITEM
NO_ITEM
NO_ITEM
NO_ITEM
NO_ITEM
NO_ITEM
NO_ITEM
NO_ITEM
11
2
1 LEAD
50 SILV
3
FORC 300
FIRE 300
TACT 300
FIRE
0
-1
0
Wyreth Ocean
18
ocean
1
0
NO_RACE
0
0
0
0
0
0
0
0
0
0
1
0
0
2
4
1
0
1
FISH
30
30
10
0
1
0
None
0
Dummy
none
-1
-1
0
0
Bogmadie
19
desert
1
4
5
NOMA
607
321
151
129
352
0
0
0
0
0
964
118
1
Vor'ary
25142
25000
4
4
1
0
6
GRAI
18
18
10
IRON
12
12
10
STON
19
19
10
ROOT
8
8
10
SILV
388
388
NO_SKILL
129
SILV
10
10
ENTE
200
26
0
IRON
75
-1
5000
5000
-1
-1
75
0
WOOD
75
-1
5000
5000
-1
-1
75
0
STON
75
-1
5000
5000
-1
-1
75
0
FUR
75
-1
5000
5000
-1
-1
75
0
HERB
75
-1
5000
5000
-1
-1
75
0
HORS
75
-1
5000
5000
-1
-1
75
0
SWOR
150
-1
5000
5000
-1
-1
150
0
XBOW
150
-1
5000
5000
-1
-1
150
0
LBOW
150
-1
5000
5000
-1
-1
150
0
CARM
150
-1
5000
5000
-1
-1
150
0
PARM
625
-1
5000
5000
-1
-1
625
0
WAGO
250
-1
5000
5000
-1
-1
250
0
PICK
150
-1
5000
5000
-1
-1
150
0
SPEA
150
-1
5000
5000
-1
-1
150
0
AXE
150
-1
5000
5000
-1
-1
150
0
HAMM
150
-1
5000
5000
-1
-1
150
0
NET
150
-1
5000
5000
-1
-1
150
0
LASS
150
-1
5000
5000
-1
-1
150
0
BAG
150
-1
5000
5000
-1
-1
150
0
SPIN
150
-1
5000
5000
-1
-1
150
0
LARM
112
-1
5000
5000
-1
-1
112
0
CLAR
100
-1
5000
5000
-1
-1
100
0
BAXE
225
-1
5000
5000
-1
-1
225
0
JAVE
150
-1
5000
5000
-1
-1
150
0
NOMA
60
-1
5000
5000
-1
-1
60
0
LEAD
120
-1
5000
5000
-1
-1
120
1
0
None
0
Dummy
none
-1
-1
0
2
City Guard (9)
none
9
2
1
1
2
0
NO_ITEM
NO_ITEM
NO_ITEM
NO_ITEM
NO_ITEM
NO_ITEM
NO_ITEM
NO_ITEM
NO_ITEM
10
4
500 LEAD
500 SWOR
25000 SILV
500 PARM
3
COMB 90000
OBSE 825000
TACT 150000
NO_SKILL
0
-1
0
City Mage (10)
none
10
4
1
0
2
0
NO_ITEM
NO_ITEM
NO_ITEM
NO_ITEM
NO_ITEM
NO_ITEM
NO_ITEM
NO_ITEM
NO_ITEM
11
2
1 LEAD
50 SILV
3
FORC 300
FIRE 300
TACT 300
FIRE
0
-1
0
Wyreth Ocean
20
ocean
1
0
NO_RACE
0
0
0
0
0
0
0
0
0
0
1
0
0
6
4
1
0
1
FISH
29
29
10
0
1
0
None
0
Dummy
none
-1
-1
0
0
Zodslag
21
jungle
1
0
TELF
422
234
120
120
168
0
0
0
0
0
704
79
0
1
5
1
0
5
GRAI
31
31
10
WOOD
17
17
10
HERB
31
31
10
SILV
227
227
NO_SKILL
120
SILV
5
5
ENTE
200
2
0
TELF
48
16
0
10000
0
2000
48
0
LEAD
96
3
0
10000
0
400
96
1
0
None
0
Dummy
none
-1
-1
0
0
Wyreth Ocean
22
ocean
1
0
NO_RACE
0
0
0
0
0
0
0
0
0
0
1
0
0
3
5
1
0
1
FISH
28
28
10
0
1
0
None
0
Dummy
none
-1
-1
0
0
Wyreth Ocean
23
ocean
1
0
NO_RACE
0
0
0
0
0
0
0
0
0
0
1
0
0
5
5
1
0
1
FISH
35
35
10
0
1
0
None
0
Dummy
none
-1
-1
0
0
Wyreth Ocean
24
ocean
1
0
NO_RACE
0
0
0
0
0
0
0
0
0
0
1
0
0
7
5
1
0
1
FISH
20
20
10
0
1
0
None
0
Dummy
none
-1
-1
0
0
Wyreth Ocean
25
ocean
1
0
NO_RACE
0
0
0
0
0
0
0
0
0
0
1
0
0
0
6
1
0
1
FISH
26
26
10
0
1
0
None
0
Dummy
none
-1
-1
0
0
Wyreth Ocean
26
ocean
1
0
NO_RACE
0
0
0
0
0
0
0
0
0
0
1
0
0
2
6
1
0
1
FISH
35
35
10
0
1
0
None
0
Dummy
none
-1
-1
0
0
Wyreth Ocean
27
ocean
1
0
NO_RACE
0
0
0
0
0
0
0
0
0
0
1
0
0
4
6
1
0
1
FISH
34
34
10
0
1
0
None
0
Dummy
none
-1
-1
0
0
Wyreth Ocean
28
ocean
2
0
NO_RACE
0
0
0
0
0
0
0
0
0
0
1
0
0
6
6
1
0
1
FISH
39
39
10
0
2
0
None
0
Dummy
none
-1
-1
0
0
1
Whirlpool
0
Whirlpool [1]
none
-1
-1
0
0
Wyreth Ocean
29
ocean
1
0
NO_RACE
0
0
0
0
0
0
0
0
0
0
1
0
0
1
7
1
0
1
FISH
25
25
10
0
1
0
None
0
Dummy
none
-1
-1
0
0
Wyreth Ocean
30
ocean
1
0
NO_RACE
0
0
0
0
0
0
0
0
0
0
1
0
0
3
7
1
0
1
FISH
29
29
10
0
1
0
None
0
Dummy
none
-1
-1
0
0
Wyreth Ocean
31
ocean
1
0
NO_RACE
0
0
0
0
0
0
0
0
0
0
1
0
0
5
7
1
0
1
FISH
26
26
10
0
1
0
None
0
Dummy
none
-1
-1
0
0
Wyreth Ocean
32
ocean
1
0
NO_RACE
0
0
0
0
0
0
0
0
0
0
1
0
0
7
7
1
0
1
FISH
27
27
10
0
1
0
None
0
Dummy
none
-1
-1
0
0
Abyssal Plains
33
desert
1
5
4
DDWA
487
254
113
113
126
0
0
0
0
0
762
70
0
0
0
2
0
5
GRAI
14
14
10
IRON
10
10
10
STON
11
11
10
SILV
156
156
NO_SKILL
113
SILV
3
3
ENTE
200
2
0
DDWA
45
19
0
10000
0
2000
45
0
LEAD
90
3
0
10000
0
400
90
1
0
None
0
Dummy
none
-1
-1
0
0
Abyssal Plains
34
desert
2
0
DDWA
660
355
116
116
211
0
0
0
0
0
1065
74
0
2
0
2
0
5
GRAI
17
17
10
IRON
13
13
10
STON
11
11
10
SILV
224
224
NO_SKILL
116
SILV
6
6
ENTE
200
2
0
DDWA
46
26
0
10000
0
2000
46
0
LEAD
92
5
0
10000
0
400
92
2
0
None
0
Dummy
none
-1
-1
0
0
1
Ruin
0
Ruin [1]
none
-1
-1
0
0
Abyssal Plains
35
desert
1
0
NOMA
497
255
123
123
228
0
0
0
0
0
765
82
0
1
1
2
0
6
GRAI
18
18
10
IRON
17
17
10
STON
13
13
10
ROOT
9
9
10
SILV
280
280
NO_SKILL
123
SILV
6
6
ENTE
200
2
0
NOMA
49
19
0
10000
0
2000
49
0
LEAD
98
3
0
10000
0
400
98
1
0
None
0
Dummy
none
-1
-1
0
0
Abyssal Plains
36
desert
1
0
DDWA
499
277
128
128
4938
0
0
0
0
0
832
87
1
Wastenvoltan
8320
12481
3
1
2
0
5
GRAI
19
19
10
IRON
19
19
10
STON
10
10
10
SILV
1646
1646
NO_SKILL
128
SILV
255
255
ENTE
200
15
1
GRAI
18
70
499
10499
70
140
18
1
LIVE
15
65
499
10499
65
130
15
1
FISH
15
76
499
10499
76
152
15
1
XBOW
80
8
5999
20499
0
48
80
1
WOOD
31
11
7499
20499
0
71
31
1
HERB
39
9
8999
20499
0
59
39
1
CLAR
43
6
10499
20499
0
40
43
0
STON
57
0
6999
20499
0
78
57
0
PARM
460
0
9499
20499
0
33
460
1
JEWE
94
10
9999
20499
0
53
94
0
FIGU
78
9
10499
20499
0
57
78
1
TARO
101
12
13499
20499
0
60
101
0
VELV
84
16
13832
20499
0
98
84
0
DDWA
51
352
0
10000
0
2000
51
0
LEAD
102
70
0
10000
0
400
102
1
0
None
0
Dummy
none
-1
-1
0
1
City Guard (11)
none
11
2
1
1
2
0
NO_ITEM
NO_ITEM
NO_ITEM
NO_ITEM
NO_ITEM
NO_ITEM
NO_ITEM
NO_ITEM
NO_ITEM
10
3
80 LEAD
80 SWOR
4000 SILV
2
COMB 7200
OBSE 7200
NO_SKILL
0
-1
0
Abyssal Plains
37
desert
1
0
NOMA
674
346
137
137
12253
0
0
0
0
0
1038
96
1
Asend
15885
23828
0
2
2
0
5
LIVE
11
11
10
IRON
13
13
10
STON
13
13
10
SILV
4084
4084
NO_SKILL
137
SILV
629
629
ENTE
200
13
1
GRAI
15
94
674
10674
94
188
15
1
LIVE
20
77
674
10674
77
154
20
1
FISH
19
72
674
10674
72
144
19
1
WOOD
38
10
6174
20674
0
61
38
1
LARM
56
6
7674
20674
0
41
56
1
HORS
34
14
9174
20674
0
86
34
1
CLAR
55
6
10674
20674
0
37
55
1
SPIC
111
18
10174
20674
0
94
111
0
VODK
68
13
10674
20674
0
79
68
0
ROSE
69
15
14007
20674
0
92
69
1
SILK
118
18
13674
20674
0
92
118
0
NOMA
54
662
0
10000
0
2000
54
0
LEAD
109
132
0
10000
0
400
109
1
0
None
0
Dummy
none
-1
-1
0
1
City Guard (12)
none
12
2
1
1
2
0
NO_ITEM
NO_ITEM
NO_ITEM
NO_ITEM
NO_ITEM
NO_ITEM
NO_ITEM
NO_ITEM
NO_ITEM
10
3
120 LEAD
120 SWOR
6000 SILV
2
COMB 21600
OBSE 21600
NO_SKILL
0
-1
0
Abyssal Plains
38
desert
1
0
NOMA
708
357
110
110
141
0
0
0
0
0
1073
66
0
2
2
2
0
6
LIVE
19
19
10
IRON
14
14
10
STON
16
16
10
ROOT
9
9
10
SILV
145
145
NO_SKILL
110
SILV
4
4
ENTE
200
2
0
NOMA
44
28
0
10000
0
2000
44
0
LEAD
88
5
0
10000
0
400
88
1
0
None
0
Dummy
none
-1
-1
0
0
Abyssal Plains
39
desert
2
0
NOMA
556
265
118
118
200
0
0
0
0
0
795
76
0
1
3
2
0
6
GRAI
10
10
10
IRON
15
15
10
STON
10
10
10
ROOT
6
6
10
SILV
231
231
NO_SKILL
118
SILV
6
6
ENTE
200
2
0
NOMA
47
22
0
10000
0
2000
47
0
LEAD
94
4
0
10000
0
400
94
2
0
None
0
Dummy
none
-1
-1
0
0
1
Black Keep
0
Black Keep [1]
none
-1
-1
0
1
Elder Demons (14)
none
14
3
2
2
0
0
NO_ITEM
NO_ITEM
NO_ITEM
NO_ITEM
NO_ITEM
NO_ITEM
NO_ITEM
NO_ITEM
NO_ITEM
10
1
200 BALR
0
NO_SKILL
0
-1
0
Abyssal Plains
40
desert
1
0
DDWA
583
294
120
120
233
0
0
0
0
0
884
78
0
3
3
2
0
6
LIVE
13
13
10
IRON
18
18
10
STON
19
19
10
ROOT
6
6
10
SILV
262
262
NO_SKILL
120
SILV
7
7
ENTE
200
2
0
DDWA
48
23
0
10000
0
2000
48
0
LEAD
96
4
0
10000
0
400
96
1
0
None
0
Dummy
none
-1
-1
0
0                        //        Obj nb Unit
Neighbors                // Read Regions -> deleted
2                        // neig of 1 in dir 0 in Lvl
17                       //              dir 1   
19                       //              dir 2
3                        //              dir 3
-1                       //              dir 4
-1                       //              dir 5
-1  
-1
5
9
8
-1
-1
-1
6
10
5
-1
-1
-1
7
11
6
-1
-1
-1
8
12
7
-1
-1
2
10
13
9
1
-1
3
11
14
10
2
-1
4
12
15
11
3
-1
1
9
16
12
4
1
5
13
17
16
8
2
6
14
18
13
5
3
7
15
19
14
6
4
8
16
20
15
7
5
10
18
21
17
9
6
11
19
22
18
10
7
12
20
23
19
11
8
9
17
24
20
12
9
13
21
25
24
16
10
14
22
26
21
13
11
15
23
27
22
14
12
16
24
28
23
15
13
18
26
29
25
17
14
19
27
30
26
18
15
20
28
31
27
19
16
17
25
32
28
20
17
21
29
-1
32
24
18
22
30
-1
29
21
19
23
31
-1
30
22
20
24
32
-1
31
23
21
26
-1
-1
-1
25
22
27
-1
-1
-1
26
23
28
-1
-1
-1
27
24
25
-1
-1
-1
28
-1
-1
35
37
36
-1
-1
-1
36
38
35
-1
-1
34
38
39
37
33
-1
33
37
40
38
34
33
35
39
-1
40
36
34
36
40
-1
39
35
35
38
-1
-1
-1
37
36
37
-1
-1
-1
38
0  // Quests ??
0
